<?xml version="1.0" encoding="UTF-8"?>
<testsuite name="model.ParserTest" tests="2" skipped="0" failures="0" errors="0" timestamp="2020-05-26T00:40:59" hostname="Rafaels-Mini" time="1.899">
  <properties/>
  <testcase name="testParseTitle()" classname="model.ParserTest" time="1.234"/>
  <testcase name="testParseLink()" classname="model.ParserTest" time="0.664"/>
  <system-out><![CDATA[Headlines atuais:
[Pakistan International Airlines Flight 8303, Cyclone Amphan, Iranian support vessel Konarak, Deaths in 2020, Portal:Current events, Wikipedia:In the news/Candidates]
Links principais:
[/wiki/Portal:Arts, /wiki/Portal:Biography, /wiki/Portal:Geography, /wiki/Portal:History, /wiki/Portal:Mathematics, /wiki/Portal:Science, /wiki/Portal:Society, /wiki/Portal:Technology, /wiki/Wikipedia:Contents/Portals]
]]></system-out>
  <system-err><![CDATA[]]></system-err>
</testsuite>
