<?xml version="1.0" encoding="UTF-8"?>
<testsuite name="model.TesteParametrizado" tests="15" skipped="0" failures="0" errors="0" timestamp="2020-07-11T03:48:33" hostname="Rafaels-Mini" time="7.978">
  <properties/>
  <testcase name="testCsvFileSourceRACP(Double, int, Double)[1]" classname="model.TesteParametrizado" time="1.163"/>
  <testcase name="testCsvFileSourceRACP(Double, int, Double)[2]" classname="model.TesteParametrizado" time="0.481"/>
  <testcase name="testCsvFileSourceRACP(Double, int, Double)[3]" classname="model.TesteParametrizado" time="0.494"/>
  <testcase name="testCsvFileSourceRACP(Double, int, Double)[4]" classname="model.TesteParametrizado" time="0.481"/>
  <testcase name="testCsvFileSourceRACP(Double, int, Double)[5]" classname="model.TesteParametrizado" time="0.473"/>
  <testcase name="testCsvFileSourceRACP(Double, int, Double)[6]" classname="model.TesteParametrizado" time="0.522"/>
  <testcase name="testCsvFileSourceRACP(Double, int, Double)[7]" classname="model.TesteParametrizado" time="0.471"/>
  <testcase name="testCsvFileSourceRACP(Double, int, Double)[8]" classname="model.TesteParametrizado" time="0.465"/>
  <testcase name="testCsvFileSourceRACP(Double, int, Double)[9]" classname="model.TesteParametrizado" time="0.484"/>
  <testcase name="testCsvFileSourceRACP(Double, int, Double)[10]" classname="model.TesteParametrizado" time="0.462"/>
  <testcase name="testCsvFileSourceRACP(Double, int, Double)[11]" classname="model.TesteParametrizado" time="0.491"/>
  <testcase name="testCsvFileSourceRACP(Double, int, Double)[12]" classname="model.TesteParametrizado" time="0.524"/>
  <testcase name="testCsvFileSourceRACP(Double, int, Double)[13]" classname="model.TesteParametrizado" time="0.477"/>
  <testcase name="testCsvFileSourceRACP(Double, int, Double)[14]" classname="model.TesteParametrizado" time="0.486"/>
  <testcase name="testCsvFileSourceRACP(Double, int, Double)[15]" classname="model.TesteParametrizado" time="0.49"/>
  <system-out><![CDATA[]]></system-out>
  <system-err><![CDATA[]]></system-err>
</testsuite>
